Traceback (most recent call last):
  File "C:\Users\achma\AppData\Roaming\Python\Python310\site-packages\jupyter_core\utils\__init__.py", line 154, in wrapped
    asyncio.get_running_loop()
RuntimeError: no running event loop

During handling of the above exception, another exception occurred:

Traceback (most recent call last):
  File "C:\laragon\bin\python\python-3.10\lib\site-packages\jupyter_cache\executors\utils.py", line 58, in single_nb_execution
    executenb(
  File "C:\laragon\bin\python\python-3.10\lib\site-packages\nbclient\client.py", line 1319, in execute
    return NotebookClient(nb=nb, resources=resources, km=km, **kwargs).execute()
  File "C:\Users\achma\AppData\Roaming\Python\Python310\site-packages\jupyter_core\utils\__init__.py", line 158, in wrapped
    return loop.run_until_complete(inner)
  File "C:\laragon\bin\python\python-3.10\lib\asyncio\base_events.py", line 646, in run_until_complete
    return future.result()
  File "C:\laragon\bin\python\python-3.10\lib\site-packages\nbclient\client.py", line 709, in async_execute
    await self.async_execute_cell(
  File "C:\laragon\bin\python\python-3.10\lib\site-packages\nbclient\client.py", line 1062, in async_execute_cell
    await self._check_raise_for_error(cell, cell_index, exec_reply)
  File "C:\laragon\bin\python\python-3.10\lib\site-packages\nbclient\client.py", line 918, in _check_raise_for_error
    raise CellExecutionError.from_cell_and_msg(cell, exec_reply_content)
nbclient.exceptions.CellExecutionError: An error occurred while executing the following cell:
------------------
# Analisis jenis variabel berdasarkan klasifikasi
print("=== KLASIFIKASI JENIS VARIABEL ===")
print("\n Teori Jenis Variabel:")
print("â€¢ Quantitative (Numerik): Nilai angka, bisa dihitung")
print("â€¢ Qualitative (Kategorikal/Faktor): Klasifikasi atau kategori")
print("â€¢ Discrete: Nilai terpisah (tanpa nilai antara)")
print("â€¢ Continuous: Nilai kontinu (bisa pecahan)")

print("\n" + "="*60)
print("            ANALISIS VARIABEL DATASET IRIS")
print("="*60)

# Analisis setiap variabel
variable_analysis = {
    'sepal length (cm)': {
        'tipe_data': str(df['sepal length (cm)'].dtype),
        'jenis_variabel': 'Quantitative (Numerik)',
        'sub_kategori': 'Continuous',
        'deskripsi': 'Nilai kontinu, bisa berupa pecahan',
        'contoh_nilai': df['sepal length (cm)'].head(3).tolist(),
        'rentang': f"{df['sepal length (cm)'].min():.1f} - {df['sepal length (cm)'].max():.1f} cm"
    },
    'sepal width (cm)': {
        'tipe_data': str(df['sepal width (cm)'].dtype),
        'jenis_variabel': 'Quantitative (Numerik)',
        'sub_kategori': 'Continuous',
        'deskripsi': 'Nilai kontinu, bisa berupa pecahan',
        'contoh_nilai': df['sepal width (cm)'].head(3).tolist(),
        'rentang': f"{df['sepal width (cm)'].min():.1f} - {df['sepal width (cm)'].max():.1f} cm"
    },
    'petal length (cm)': {
        'tipe_data': str(df['petal length (cm)'].dtype),
        'jenis_variabel': 'Quantitative (Numerik)',
        'sub_kategori': 'Continuous',
        'deskripsi': 'Nilai kontinu, bisa berupa pecahan',
        'contoh_nilai': df['petal length (cm)'].head(3).tolist(),
        'rentang': f"{df['petal length (cm)'].min():.1f} - {df['petal length (cm)'].max():.1f} cm"
    },
    'petal width (cm)': {
        'tipe_data': str(df['petal width (cm)'].dtype),
        'jenis_variabel': 'Quantitative (Numerik)',
        'sub_kategori': 'Continuous',
        'deskripsi': 'Nilai kontinu, bisa berupa pecahan',
        'contoh_nilai': df['petal width (cm)'].head(3).tolist(),
        'rentang': f"{df['petal width (cm)'].min():.1f} - {df['petal width (cm)'].max():.1f} cm"
    },
    'species': {
        'tipe_data': str(df['species'].dtype),
        'jenis_variabel': 'Qualitative (Kategorikal)',
        'sub_kategori': 'Discrete (Nominal)',
        'deskripsi': 'Kategori terpisah, tidak ada urutan',
        'contoh_nilai': df['species'].unique().tolist(),
        'rentang': f"{df['species'].nunique()} kategori (0, 1, 2)"
    },
    'species_name': {
        'tipe_data': str(df['species_name'].dtype),
        'jenis_variabel': 'Qualitative (Kategorikal)',
        'sub_kategori': 'Discrete (Nominal)',
        'deskripsi': 'Kategori nama spesies, tidak ada urutan',
        'contoh_nilai': df['species_name'].unique().tolist(),
        'rentang': f"{df['species_name'].nunique()} kategori"
    }
}

# Tampilkan analisis setiap variabel
for i, (var_name, analysis) in enumerate(variable_analysis.items(), 1):
    print(f"\n{i}.  VARIABEL: {var_name.upper()}")
    print(f"   â€¢ Tipe Data: {analysis['tipe_data']}")
    print(f"   â€¢ Jenis Variabel: {analysis['jenis_variabel']}")
    print(f"   â€¢ Sub-kategori: {analysis['sub_kategori']}")
    print(f"   â€¢ Deskripsi: {analysis['deskripsi']}")
    print(f"   â€¢ Contoh nilai: {analysis['contoh_nilai']}")
    print(f"   â€¢ Rentang: {analysis['rentang']}")
    print("   " + "-"*40)
------------------

----- stdout -----
=== KLASIFIKASI JENIS VARIABEL ===

 Teori Jenis Variabel:
â€¢ Quantitative (Numerik): Nilai angka, bisa dihitung
â€¢ Qualitative (Kategorikal/Faktor): Klasifikasi atau kategori
â€¢ Discrete: Nilai terpisah (tanpa nilai antara)
â€¢ Continuous: Nilai kontinu (bisa pecahan)

============================================================
            ANALISIS VARIABEL DATASET IRIS
============================================================
------------------

[1;31m---------------------------------------------------------------------------[0m
[1;31mKeyError[0m                                  Traceback (most recent call last)
File [1;32mC:\laragon\bin\python\python-3.10\lib\site-packages\pandas\core\indexes\base.py:3805[0m, in [0;36mIndex.get_loc[1;34m(self, key)[0m
[0;32m   3804[0m [38;5;28;01mtry[39;00m:
[1;32m-> 3805[0m     [38;5;28;01mreturn[39;00m [38;5;28;43mself[39;49m[38;5;241;43m.[39;49m[43m_engine[49m[38;5;241;43m.[39;49m[43mget_loc[49m[43m([49m[43mcasted_key[49m[43m)[49m
[0;32m   3806[0m [38;5;28;01mexcept[39;00m [38;5;167;01mKeyError[39;00m [38;5;28;01mas[39;00m err:

File [1;32mindex.pyx:167[0m, in [0;36mpandas._libs.index.IndexEngine.get_loc[1;34m()[0m

File [1;32mindex.pyx:196[0m, in [0;36mpandas._libs.index.IndexEngine.get_loc[1;34m()[0m

File [1;32mpandas\\_libs\\hashtable_class_helper.pxi:7081[0m, in [0;36mpandas._libs.hashtable.PyObjectHashTable.get_item[1;34m()[0m

File [1;32mpandas\\_libs\\hashtable_class_helper.pxi:7089[0m, in [0;36mpandas._libs.hashtable.PyObjectHashTable.get_item[1;34m()[0m

[1;31mKeyError[0m: 'sepal length (cm)'

The above exception was the direct cause of the following exception:

[1;31mKeyError[0m                                  Traceback (most recent call last)
Cell [1;32mIn[5], line 16[0m
[0;32m     11[0m [38;5;28mprint[39m([38;5;124m"[39m[38;5;124m=[39m[38;5;124m"[39m[38;5;241m*[39m[38;5;241m60[39m)
[0;32m     13[0m [38;5;66;03m# Analisis setiap variabel[39;00m
[0;32m     14[0m variable_analysis [38;5;241m=[39m {
[0;32m     15[0m     [38;5;124m'[39m[38;5;124msepal length (cm)[39m[38;5;124m'[39m: {
[1;32m---> 16[0m         [38;5;124m'[39m[38;5;124mtipe_data[39m[38;5;124m'[39m: [38;5;28mstr[39m([43mdf[49m[43m[[49m[38;5;124;43m'[39;49m[38;5;124;43msepal length (cm)[39;49m[38;5;124;43m'[39;49m[43m][49m[38;5;241m.[39mdtype),
[0;32m     17[0m         [38;5;124m'[39m[38;5;124mjenis_variabel[39m[38;5;124m'[39m: [38;5;124m'[39m[38;5;124mQuantitative (Numerik)[39m[38;5;124m'[39m,
[0;32m     18[0m         [38;5;124m'[39m[38;5;124msub_kategori[39m[38;5;124m'[39m: [38;5;124m'[39m[38;5;124mContinuous[39m[38;5;124m'[39m,
[0;32m     19[0m         [38;5;124m'[39m[38;5;124mdeskripsi[39m[38;5;124m'[39m: [38;5;124m'[39m[38;5;124mNilai kontinu, bisa berupa pecahan[39m[38;5;124m'[39m,
[0;32m     20[0m         [38;5;124m'[39m[38;5;124mcontoh_nilai[39m[38;5;124m'[39m: df[[38;5;124m'[39m[38;5;124msepal length (cm)[39m[38;5;124m'[39m][38;5;241m.[39mhead([38;5;241m3[39m)[38;5;241m.[39mtolist(),
[0;32m     21[0m         [38;5;124m'[39m[38;5;124mrentang[39m[38;5;124m'[39m: [38;5;124mf[39m[38;5;124m"[39m[38;5;132;01m{[39;00mdf[[38;5;124m'[39m[38;5;124msepal length (cm)[39m[38;5;124m'[39m][38;5;241m.[39mmin()[38;5;132;01m:[39;00m[38;5;124m.1f[39m[38;5;132;01m}[39;00m[38;5;124m - [39m[38;5;132;01m{[39;00mdf[[38;5;124m'[39m[38;5;124msepal length (cm)[39m[38;5;124m'[39m][38;5;241m.[39mmax()[38;5;132;01m:[39;00m[38;5;124m.1f[39m[38;5;132;01m}[39;00m[38;5;124m cm[39m[38;5;124m"[39m
[0;32m     22[0m     },
[0;32m     23[0m     [38;5;124m'[39m[38;5;124msepal width (cm)[39m[38;5;124m'[39m: {
[0;32m     24[0m         [38;5;124m'[39m[38;5;124mtipe_data[39m[38;5;124m'[39m: [38;5;28mstr[39m(df[[38;5;124m'[39m[38;5;124msepal width (cm)[39m[38;5;124m'[39m][38;5;241m.[39mdtype),
[0;32m     25[0m         [38;5;124m'[39m[38;5;124mjenis_variabel[39m[38;5;124m'[39m: [38;5;124m'[39m[38;5;124mQuantitative (Numerik)[39m[38;5;124m'[39m,
[0;32m     26[0m         [38;5;124m'[39m[38;5;124msub_kategori[39m[38;5;124m'[39m: [38;5;124m'[39m[38;5;124mContinuous[39m[38;5;124m'[39m,
[0;32m     27[0m         [38;5;124m'[39m[38;5;124mdeskripsi[39m[38;5;124m'[39m: [38;5;124m'[39m[38;5;124mNilai kontinu, bisa berupa pecahan[39m[38;5;124m'[39m,
[0;32m     28[0m         [38;5;124m'[39m[38;5;124mcontoh_nilai[39m[38;5;124m'[39m: df[[38;5;124m'[39m[38;5;124msepal width (cm)[39m[38;5;124m'[39m][38;5;241m.[39mhead([38;5;241m3[39m)[38;5;241m.[39mtolist(),
[0;32m     29[0m         [38;5;124m'[39m[38;5;124mrentang[39m[38;5;124m'[39m: [38;5;124mf[39m[38;5;124m"[39m[38;5;132;01m{[39;00mdf[[38;5;124m'[39m[38;5;124msepal width (cm)[39m[38;5;124m'[39m][38;5;241m.[39mmin()[38;5;132;01m:[39;00m[38;5;124m.1f[39m[38;5;132;01m}[39;00m[38;5;124m - [39m[38;5;132;01m{[39;00mdf[[38;5;124m'[39m[38;5;124msepal width (cm)[39m[38;5;124m'[39m][38;5;241m.[39mmax()[38;5;132;01m:[39;00m[38;5;124m.1f[39m[38;5;132;01m}[39;00m[38;5;124m cm[39m[38;5;124m"[39m
[0;32m     30[0m     },
[0;32m     31[0m     [38;5;124m'[39m[38;5;124mpetal length (cm)[39m[38;5;124m'[39m: {
[0;32m     32[0m         [38;5;124m'[39m[38;5;124mtipe_data[39m[38;5;124m'[39m: [38;5;28mstr[39m(df[[38;5;124m'[39m[38;5;124mpetal length (cm)[39m[38;5;124m'[39m][38;5;241m.[39mdtype),
[0;32m     33[0m         [38;5;124m'[39m[38;5;124mjenis_variabel[39m[38;5;124m'[39m: [38;5;124m'[39m[38;5;124mQuantitative (Numerik)[39m[38;5;124m'[39m,
[0;32m     34[0m         [38;5;124m'[39m[38;5;124msub_kategori[39m[38;5;124m'[39m: [38;5;124m'[39m[38;5;124mContinuous[39m[38;5;124m'[39m,
[0;32m     35[0m         [38;5;124m'[39m[38;5;124mdeskripsi[39m[38;5;124m'[39m: [38;5;124m'[39m[38;5;124mNilai kontinu, bisa berupa pecahan[39m[38;5;124m'[39m,
[0;32m     36[0m         [38;5;124m'[39m[38;5;124mcontoh_nilai[39m[38;5;124m'[39m: df[[38;5;124m'[39m[38;5;124mpetal length (cm)[39m[38;5;124m'[39m][38;5;241m.[39mhead([38;5;241m3[39m)[38;5;241m.[39mtolist(),
[0;32m     37[0m         [38;5;124m'[39m[38;5;124mrentang[39m[38;5;124m'[39m: [38;5;124mf[39m[38;5;124m"[39m[38;5;132;01m{[39;00mdf[[38;5;124m'[39m[38;5;124mpetal length (cm)[39m[38;5;124m'[39m][38;5;241m.[39mmin()[38;5;132;01m:[39;00m[38;5;124m.1f[39m[38;5;132;01m}[39;00m[38;5;124m - [39m[38;5;132;01m{[39;00mdf[[38;5;124m'[39m[38;5;124mpetal length (cm)[39m[38;5;124m'[39m][38;5;241m.[39mmax()[38;5;132;01m:[39;00m[38;5;124m.1f[39m[38;5;132;01m}[39;00m[38;5;124m cm[39m[38;5;124m"[39m
[0;32m     38[0m     },
[0;32m     39[0m     [38;5;124m'[39m[38;5;124mpetal width (cm)[39m[38;5;124m'[39m: {
[0;32m     40[0m         [38;5;124m'[39m[38;5;124mtipe_data[39m[38;5;124m'[39m: [38;5;28mstr[39m(df[[38;5;124m'[39m[38;5;124mpetal width (cm)[39m[38;5;124m'[39m][38;5;241m.[39mdtype),
[0;32m     41[0m         [38;5;124m'[39m[38;5;124mjenis_variabel[39m[38;5;124m'[39m: [38;5;124m'[39m[38;5;124mQuantitative (Numerik)[39m[38;5;124m'[39m,
[0;32m     42[0m         [38;5;124m'[39m[38;5;124msub_kategori[39m[38;5;124m'[39m: [38;5;124m'[39m[38;5;124mContinuous[39m[38;5;124m'[39m,
[0;32m     43[0m         [38;5;124m'[39m[38;5;124mdeskripsi[39m[38;5;124m'[39m: [38;5;124m'[39m[38;5;124mNilai kontinu, bisa berupa pecahan[39m[38;5;124m'[39m,
[0;32m     44[0m         [38;5;124m'[39m[38;5;124mcontoh_nilai[39m[38;5;124m'[39m: df[[38;5;124m'[39m[38;5;124mpetal width (cm)[39m[38;5;124m'[39m][38;5;241m.[39mhead([38;5;241m3[39m)[38;5;241m.[39mtolist(),
[0;32m     45[0m         [38;5;124m'[39m[38;5;124mrentang[39m[38;5;124m'[39m: [38;5;124mf[39m[38;5;124m"[39m[38;5;132;01m{[39;00mdf[[38;5;124m'[39m[38;5;124mpetal width (cm)[39m[38;5;124m'[39m][38;5;241m.[39mmin()[38;5;132;01m:[39;00m[38;5;124m.1f[39m[38;5;132;01m}[39;00m[38;5;124m - [39m[38;5;132;01m{[39;00mdf[[38;5;124m'[39m[38;5;124mpetal width (cm)[39m[38;5;124m'[39m][38;5;241m.[39mmax()[38;5;132;01m:[39;00m[38;5;124m.1f[39m[38;5;132;01m}[39;00m[38;5;124m cm[39m[38;5;124m"[39m
[0;32m     46[0m     },
[0;32m     47[0m     [38;5;124m'[39m[38;5;124mspecies[39m[38;5;124m'[39m: {
[0;32m     48[0m         [38;5;124m'[39m[38;5;124mtipe_data[39m[38;5;124m'[39m: [38;5;28mstr[39m(df[[38;5;124m'[39m[38;5;124mspecies[39m[38;5;124m'[39m][38;5;241m.[39mdtype),
[0;32m     49[0m         [38;5;124m'[39m[38;5;124mjenis_variabel[39m[38;5;124m'[39m: [38;5;124m'[39m[38;5;124mQualitative (Kategorikal)[39m[38;5;124m'[39m,
[0;32m     50[0m         [38;5;124m'[39m[38;5;124msub_kategori[39m[38;5;124m'[39m: [38;5;124m'[39m[38;5;124mDiscrete (Nominal)[39m[38;5;124m'[39m,
[0;32m     51[0m         [38;5;124m'[39m[38;5;124mdeskripsi[39m[38;5;124m'[39m: [38;5;124m'[39m[38;5;124mKategori terpisah, tidak ada urutan[39m[38;5;124m'[39m,
[0;32m     52[0m         [38;5;124m'[39m[38;5;124mcontoh_nilai[39m[38;5;124m'[39m: df[[38;5;124m'[39m[38;5;124mspecies[39m[38;5;124m'[39m][38;5;241m.[39munique()[38;5;241m.[39mtolist(),
[0;32m     53[0m         [38;5;124m'[39m[38;5;124mrentang[39m[38;5;124m'[39m: [38;5;124mf[39m[38;5;124m"[39m[38;5;132;01m{[39;00mdf[[38;5;124m'[39m[38;5;124mspecies[39m[38;5;124m'[39m][38;5;241m.[39mnunique()[38;5;132;01m}[39;00m[38;5;124m kategori (0, 1, 2)[39m[38;5;124m"[39m
[0;32m     54[0m     },
[0;32m     55[0m     [38;5;124m'[39m[38;5;124mspecies_name[39m[38;5;124m'[39m: {
[0;32m     56[0m         [38;5;124m'[39m[38;5;124mtipe_data[39m[38;5;124m'[39m: [38;5;28mstr[39m(df[[38;5;124m'[39m[38;5;124mspecies_name[39m[38;5;124m'[39m][38;5;241m.[39mdtype),
[0;32m     57[0m         [38;5;124m'[39m[38;5;124mjenis_variabel[39m[38;5;124m'[39m: [38;5;124m'[39m[38;5;124mQualitative (Kategorikal)[39m[38;5;124m'[39m,
[0;32m     58[0m         [38;5;124m'[39m[38;5;124msub_kategori[39m[38;5;124m'[39m: [38;5;124m'[39m[38;5;124mDiscrete (Nominal)[39m[38;5;124m'[39m,
[0;32m     59[0m         [38;5;124m'[39m[38;5;124mdeskripsi[39m[38;5;124m'[39m: [38;5;124m'[39m[38;5;124mKategori nama spesies, tidak ada urutan[39m[38;5;124m'[39m,
[0;32m     60[0m         [38;5;124m'[39m[38;5;124mcontoh_nilai[39m[38;5;124m'[39m: df[[38;5;124m'[39m[38;5;124mspecies_name[39m[38;5;124m'[39m][38;5;241m.[39munique()[38;5;241m.[39mtolist(),
[0;32m     61[0m         [38;5;124m'[39m[38;5;124mrentang[39m[38;5;124m'[39m: [38;5;124mf[39m[38;5;124m"[39m[38;5;132;01m{[39;00mdf[[38;5;124m'[39m[38;5;124mspecies_name[39m[38;5;124m'[39m][38;5;241m.[39mnunique()[38;5;132;01m}[39;00m[38;5;124m kategori[39m[38;5;124m"[39m
[0;32m     62[0m     }
[0;32m     63[0m }
[0;32m     65[0m [38;5;66;03m# Tampilkan analisis setiap variabel[39;00m
[0;32m     66[0m [38;5;28;01mfor[39;00m i, (var_name, analysis) [38;5;129;01min[39;00m [38;5;28menumerate[39m(variable_analysis[38;5;241m.[39mitems(), [38;5;241m1[39m):

File [1;32mC:\laragon\bin\python\python-3.10\lib\site-packages\pandas\core\frame.py:4102[0m, in [0;36mDataFrame.__getitem__[1;34m(self, key)[0m
[0;32m   4100[0m [38;5;28;01mif[39;00m [38;5;28mself[39m[38;5;241m.[39mcolumns[38;5;241m.[39mnlevels [38;5;241m>[39m [38;5;241m1[39m:
[0;32m   4101[0m     [38;5;28;01mreturn[39;00m [38;5;28mself[39m[38;5;241m.[39m_getitem_multilevel(key)
[1;32m-> 4102[0m indexer [38;5;241m=[39m [38;5;28;43mself[39;49m[38;5;241;43m.[39;49m[43mcolumns[49m[38;5;241;43m.[39;49m[43mget_loc[49m[43m([49m[43mkey[49m[43m)[49m
[0;32m   4103[0m [38;5;28;01mif[39;00m is_integer(indexer):
[0;32m   4104[0m     indexer [38;5;241m=[39m [indexer]

File [1;32mC:\laragon\bin\python\python-3.10\lib\site-packages\pandas\core\indexes\base.py:3812[0m, in [0;36mIndex.get_loc[1;34m(self, key)[0m
[0;32m   3807[0m     [38;5;28;01mif[39;00m [38;5;28misinstance[39m(casted_key, [38;5;28mslice[39m) [38;5;129;01mor[39;00m (
[0;32m   3808[0m         [38;5;28misinstance[39m(casted_key, abc[38;5;241m.[39mIterable)
[0;32m   3809[0m         [38;5;129;01mand[39;00m [38;5;28many[39m([38;5;28misinstance[39m(x, [38;5;28mslice[39m) [38;5;28;01mfor[39;00m x [38;5;129;01min[39;00m casted_key)
[0;32m   3810[0m     ):
[0;32m   3811[0m         [38;5;28;01mraise[39;00m InvalidIndexError(key)
[1;32m-> 3812[0m     [38;5;28;01mraise[39;00m [38;5;167;01mKeyError[39;00m(key) [38;5;28;01mfrom[39;00m[38;5;250m [39m[38;5;21;01merr[39;00m
[0;32m   3813[0m [38;5;28;01mexcept[39;00m [38;5;167;01mTypeError[39;00m:
[0;32m   3814[0m     [38;5;66;03m# If we have a listlike key, _check_indexing_error will raise[39;00m
[0;32m   3815[0m     [38;5;66;03m#  InvalidIndexError. Otherwise we fall through and re-raise[39;00m
[0;32m   3816[0m     [38;5;66;03m#  the TypeError.[39;00m
[0;32m   3817[0m     [38;5;28mself[39m[38;5;241m.[39m_check_indexing_error(key)

[1;31mKeyError[0m: 'sepal length (cm)'

