Traceback (most recent call last):
  File "C:\Users\achma\AppData\Roaming\Python\Python310\site-packages\jupyter_core\utils\__init__.py", line 154, in wrapped
    asyncio.get_running_loop()
RuntimeError: no running event loop

During handling of the above exception, another exception occurred:

Traceback (most recent call last):
  File "C:\laragon\bin\python\python-3.10\lib\site-packages\jupyter_cache\executors\utils.py", line 58, in single_nb_execution
    executenb(
  File "C:\laragon\bin\python\python-3.10\lib\site-packages\nbclient\client.py", line 1319, in execute
    return NotebookClient(nb=nb, resources=resources, km=km, **kwargs).execute()
  File "C:\Users\achma\AppData\Roaming\Python\Python310\site-packages\jupyter_core\utils\__init__.py", line 158, in wrapped
    return loop.run_until_complete(inner)
  File "C:\laragon\bin\python\python-3.10\lib\asyncio\base_events.py", line 646, in run_until_complete
    return future.result()
  File "C:\laragon\bin\python\python-3.10\lib\site-packages\nbclient\client.py", line 709, in async_execute
    await self.async_execute_cell(
  File "C:\laragon\bin\python\python-3.10\lib\site-packages\nbclient\client.py", line 1062, in async_execute_cell
    await self._check_raise_for_error(cell, cell_index, exec_reply)
  File "C:\laragon\bin\python\python-3.10\lib\site-packages\nbclient\client.py", line 918, in _check_raise_for_error
    raise CellExecutionError.from_cell_and_msg(cell, exec_reply_content)
nbclient.exceptions.CellExecutionError: An error occurred while executing the following cell:
------------------
# Import libraries
import pandas as pd
import numpy as np
import matplotlib.pyplot as plt
import seaborn as sns
import warnings
warnings.filterwarnings('ignore')

# Database
try:
    import pymysql
    from sqlalchemy import create_engine
    MYSQL_OK = True
except ImportError:
    MYSQL_OK = False

# ML libraries
from sklearn.decomposition import PCA
from sklearn.preprocessing import StandardScaler, LabelEncoder
from imblearn.over_sampling import ADASYN, SMOTE, RandomOverSampler

# Settings
plt.style.use('default')
sns.set_palette("husl")

print("Libraries loaded")
------------------


[1;31m---------------------------------------------------------------------------[0m
[1;31mValueError[0m                                Traceback (most recent call last)
Cell [1;32mIn[2], line 2[0m
[0;32m      1[0m [38;5;66;03m# Import libraries[39;00m
[1;32m----> 2[0m [38;5;28;01mimport[39;00m[38;5;250m [39m[38;5;21;01mpandas[39;00m[38;5;250m [39m[38;5;28;01mas[39;00m[38;5;250m [39m[38;5;21;01mpd[39;00m
[0;32m      3[0m [38;5;28;01mimport[39;00m[38;5;250m [39m[38;5;21;01mnumpy[39;00m[38;5;250m [39m[38;5;28;01mas[39;00m[38;5;250m [39m[38;5;21;01mnp[39;00m
[0;32m      4[0m [38;5;28;01mimport[39;00m[38;5;250m [39m[38;5;21;01mmatplotlib[39;00m[38;5;21;01m.[39;00m[38;5;21;01mpyplot[39;00m[38;5;250m [39m[38;5;28;01mas[39;00m[38;5;250m [39m[38;5;21;01mplt[39;00m

File [1;32mC:\laragon\bin\python\python-3.10\lib\site-packages\pandas\__init__.py:22[0m
[0;32m     19[0m [38;5;28;01mdel[39;00m _hard_dependencies, _dependency, _missing_dependencies
[0;32m     21[0m [38;5;66;03m# numpy compat[39;00m
[1;32m---> 22[0m [38;5;28;01mfrom[39;00m[38;5;250m [39m[38;5;21;01mpandas[39;00m[38;5;21;01m.[39;00m[38;5;21;01mcompat[39;00m[38;5;250m [39m[38;5;28;01mimport[39;00m is_numpy_dev [38;5;28;01mas[39;00m _is_numpy_dev  [38;5;66;03m# pyright: ignore # noqa:F401[39;00m
[0;32m     24[0m [38;5;28;01mtry[39;00m:
[0;32m     25[0m     [38;5;28;01mfrom[39;00m[38;5;250m [39m[38;5;21;01mpandas[39;00m[38;5;21;01m.[39;00m[38;5;21;01m_libs[39;00m[38;5;250m [39m[38;5;28;01mimport[39;00m hashtable [38;5;28;01mas[39;00m _hashtable, lib [38;5;28;01mas[39;00m _lib, tslib [38;5;28;01mas[39;00m _tslib

File [1;32mC:\laragon\bin\python\python-3.10\lib\site-packages\pandas\compat\__init__.py:25[0m
[0;32m     17[0m [38;5;28;01mfrom[39;00m[38;5;250m [39m[38;5;21;01mpandas[39;00m[38;5;21;01m.[39;00m[38;5;21;01mcompat[39;00m[38;5;21;01m.[39;00m[38;5;21;01m_constants[39;00m[38;5;250m [39m[38;5;28;01mimport[39;00m (
[0;32m     18[0m     IS64,
[0;32m     19[0m     PY39,
[1;32m   (...)[0m
[0;32m     22[0m     PYPY,
[0;32m     23[0m )
[0;32m     24[0m [38;5;28;01mimport[39;00m[38;5;250m [39m[38;5;21;01mpandas[39;00m[38;5;21;01m.[39;00m[38;5;21;01mcompat[39;00m[38;5;21;01m.[39;00m[38;5;21;01mcompressors[39;00m
[1;32m---> 25[0m [38;5;28;01mfrom[39;00m[38;5;250m [39m[38;5;21;01mpandas[39;00m[38;5;21;01m.[39;00m[38;5;21;01mcompat[39;00m[38;5;21;01m.[39;00m[38;5;21;01mnumpy[39;00m[38;5;250m [39m[38;5;28;01mimport[39;00m (
[0;32m     26[0m     is_numpy_dev,
[0;32m     27[0m     np_version_under1p21,
[0;32m     28[0m )
[0;32m     29[0m [38;5;28;01mfrom[39;00m[38;5;250m [39m[38;5;21;01mpandas[39;00m[38;5;21;01m.[39;00m[38;5;21;01mcompat[39;00m[38;5;21;01m.[39;00m[38;5;21;01mpyarrow[39;00m[38;5;250m [39m[38;5;28;01mimport[39;00m (
[0;32m     30[0m     pa_version_under7p0,
[0;32m     31[0m     pa_version_under8p0,
[0;32m     32[0m     pa_version_under9p0,
[0;32m     33[0m     pa_version_under11p0,
[0;32m     34[0m )
[0;32m     37[0m [38;5;28;01mdef[39;00m[38;5;250m [39m[38;5;21mset_function_name[39m(f: F, name: [38;5;28mstr[39m, [38;5;28mcls[39m) [38;5;241m-[39m[38;5;241m>[39m F:

File [1;32mC:\laragon\bin\python\python-3.10\lib\site-packages\pandas\compat\numpy\__init__.py:4[0m
[0;32m      1[0m [38;5;124;03m""" support numpy compatibility across versions """[39;00m
[0;32m      2[0m [38;5;28;01mimport[39;00m[38;5;250m [39m[38;5;21;01mnumpy[39;00m[38;5;250m [39m[38;5;28;01mas[39;00m[38;5;250m [39m[38;5;21;01mnp[39;00m
[1;32m----> 4[0m [38;5;28;01mfrom[39;00m[38;5;250m [39m[38;5;21;01mpandas[39;00m[38;5;21;01m.[39;00m[38;5;21;01mutil[39;00m[38;5;21;01m.[39;00m[38;5;21;01mversion[39;00m[38;5;250m [39m[38;5;28;01mimport[39;00m Version
[0;32m      6[0m [38;5;66;03m# numpy versioning[39;00m
[0;32m      7[0m _np_version [38;5;241m=[39m np[38;5;241m.[39m__version__

File [1;32mC:\laragon\bin\python\python-3.10\lib\site-packages\pandas\util\__init__.py:2[0m
[0;32m      1[0m [38;5;66;03m# pyright: reportUnusedImport = false[39;00m
[1;32m----> 2[0m [38;5;28;01mfrom[39;00m[38;5;250m [39m[38;5;21;01mpandas[39;00m[38;5;21;01m.[39;00m[38;5;21;01mutil[39;00m[38;5;21;01m.[39;00m[38;5;21;01m_decorators[39;00m[38;5;250m [39m[38;5;28;01mimport[39;00m (  [38;5;66;03m# noqa:F401[39;00m
[0;32m      3[0m     Appender,
[0;32m      4[0m     Substitution,
[0;32m      5[0m     cache_readonly,
[0;32m      6[0m )
[0;32m      8[0m [38;5;28;01mfrom[39;00m[38;5;250m [39m[38;5;21;01mpandas[39;00m[38;5;21;01m.[39;00m[38;5;21;01mcore[39;00m[38;5;21;01m.[39;00m[38;5;21;01mutil[39;00m[38;5;21;01m.[39;00m[38;5;21;01mhashing[39;00m[38;5;250m [39m[38;5;28;01mimport[39;00m (  [38;5;66;03m# noqa:F401[39;00m
[0;32m      9[0m     hash_array,
[0;32m     10[0m     hash_pandas_object,
[0;32m     11[0m )

File [1;32mC:\laragon\bin\python\python-3.10\lib\site-packages\pandas\util\_decorators.py:14[0m
[0;32m      6[0m [38;5;28;01mfrom[39;00m[38;5;250m [39m[38;5;21;01mtyping[39;00m[38;5;250m [39m[38;5;28;01mimport[39;00m (
[0;32m      7[0m     Any,
[0;32m      8[0m     Callable,
[0;32m      9[0m     Mapping,
[0;32m     10[0m     cast,
[0;32m     11[0m )
[0;32m     12[0m [38;5;28;01mimport[39;00m[38;5;250m [39m[38;5;21;01mwarnings[39;00m
[1;32m---> 14[0m [38;5;28;01mfrom[39;00m[38;5;250m [39m[38;5;21;01mpandas[39;00m[38;5;21;01m.[39;00m[38;5;21;01m_libs[39;00m[38;5;21;01m.[39;00m[38;5;21;01mproperties[39;00m[38;5;250m [39m[38;5;28;01mimport[39;00m cache_readonly
[0;32m     15[0m [38;5;28;01mfrom[39;00m[38;5;250m [39m[38;5;21;01mpandas[39;00m[38;5;21;01m.[39;00m[38;5;21;01m_typing[39;00m[38;5;250m [39m[38;5;28;01mimport[39;00m (
[0;32m     16[0m     F,
[0;32m     17[0m     T,
[0;32m     18[0m )
[0;32m     19[0m [38;5;28;01mfrom[39;00m[38;5;250m [39m[38;5;21;01mpandas[39;00m[38;5;21;01m.[39;00m[38;5;21;01mutil[39;00m[38;5;21;01m.[39;00m[38;5;21;01m_exceptions[39;00m[38;5;250m [39m[38;5;28;01mimport[39;00m find_stack_level

File [1;32mC:\laragon\bin\python\python-3.10\lib\site-packages\pandas\_libs\__init__.py:13[0m
[0;32m      1[0m __all__ [38;5;241m=[39m [
[0;32m      2[0m     [38;5;124m"[39m[38;5;124mNaT[39m[38;5;124m"[39m,
[0;32m      3[0m     [38;5;124m"[39m[38;5;124mNaTType[39m[38;5;124m"[39m,
[1;32m   (...)[0m
[0;32m      9[0m     [38;5;124m"[39m[38;5;124mInterval[39m[38;5;124m"[39m,
[0;32m     10[0m ]
[1;32m---> 13[0m [38;5;28;01mfrom[39;00m[38;5;250m [39m[38;5;21;01mpandas[39;00m[38;5;21;01m.[39;00m[38;5;21;01m_libs[39;00m[38;5;21;01m.[39;00m[38;5;21;01minterval[39;00m[38;5;250m [39m[38;5;28;01mimport[39;00m Interval
[0;32m     14[0m [38;5;28;01mfrom[39;00m[38;5;250m [39m[38;5;21;01mpandas[39;00m[38;5;21;01m.[39;00m[38;5;21;01m_libs[39;00m[38;5;21;01m.[39;00m[38;5;21;01mtslibs[39;00m[38;5;250m [39m[38;5;28;01mimport[39;00m (
[0;32m     15[0m     NaT,
[0;32m     16[0m     NaTType,
[1;32m   (...)[0m
[0;32m     21[0m     iNaT,
[0;32m     22[0m )

File [1;32mC:\laragon\bin\python\python-3.10\lib\site-packages\pandas\_libs\interval.pyx:1[0m, in [0;36minit pandas._libs.interval[1;34m()[0m

[1;31mValueError[0m: numpy.dtype size changed, may indicate binary incompatibility. Expected 96 from C header, got 88 from PyObject

