Traceback (most recent call last):
  File "C:\Users\achma\AppData\Roaming\Python\Python310\site-packages\jupyter_core\utils\__init__.py", line 154, in wrapped
    asyncio.get_running_loop()
RuntimeError: no running event loop

During handling of the above exception, another exception occurred:

Traceback (most recent call last):
  File "C:\laragon\bin\python\python-3.10\lib\site-packages\jupyter_cache\executors\utils.py", line 58, in single_nb_execution
    executenb(
  File "C:\laragon\bin\python\python-3.10\lib\site-packages\nbclient\client.py", line 1319, in execute
    return NotebookClient(nb=nb, resources=resources, km=km, **kwargs).execute()
  File "C:\Users\achma\AppData\Roaming\Python\Python310\site-packages\jupyter_core\utils\__init__.py", line 158, in wrapped
    return loop.run_until_complete(inner)
  File "C:\laragon\bin\python\python-3.10\lib\asyncio\base_events.py", line 646, in run_until_complete
    return future.result()
  File "C:\laragon\bin\python\python-3.10\lib\site-packages\nbclient\client.py", line 709, in async_execute
    await self.async_execute_cell(
  File "C:\laragon\bin\python\python-3.10\lib\site-packages\nbclient\client.py", line 1062, in async_execute_cell
    await self._check_raise_for_error(cell, cell_index, exec_reply)
  File "C:\laragon\bin\python\python-3.10\lib\site-packages\nbclient\client.py", line 918, in _check_raise_for_error
    raise CellExecutionError.from_cell_and_msg(cell, exec_reply_content)
nbclient.exceptions.CellExecutionError: An error occurred while executing the following cell:
------------------
# Outlier Removal dan Imputation Process
print("=== OUTLIER REMOVAL DAN IMPUTATION PROCESS ===")

if df is not None and 'consensus_score' in df.columns:
    
    # Identifikasi outliers berdasarkan strong consensus (â‰¥2 models agree)
    outlier_mask = df['strong_consensus'] == 1
    outlier_indices = df[outlier_mask].index.tolist()
    outlier_count = len(outlier_indices)
    
    print(f"\nOutliers teridentifikasi (Strong Consensus):")
    print(f"   â€¢ Jumlah: {outlier_count} dari {len(df)} data ({outlier_count/len(df)*100:.1f}%)")
    print(f"   â€¢ Indices: {outlier_indices}")
    
    # STEP 1: Visualisasi Koordinat Data Original
    print(f"\nSTEP 1: Visualisasi Koordinat Data Original")
    
    # Tampilkan koordinat outliers dan normal data
    print(f"\nKoordinat Outliers (Strong Consensus):")
    print(f"{'Index':<6} {'Sepal_L':<8} {'Sepal_W':<8} {'Petal_L':<8} {'Petal_W':<8} {'Species':<8}")
    print("-" * 55)
    
    outlier_coords = df[outlier_mask]
    for idx in outlier_indices:
        row = df.loc[idx]
        species_name = ['setosa', 'versicolor', 'virginica'][int(row['species'])]
        print(f"{idx:<6} {row[features[0]]:<8.2f} {row[features[1]]:<8.2f} {row[features[2]]:<8.2f} {row[features[3]]:<8.2f} {species_name:<8}")
    
    # Visualisasi scatter plot koordinat 2D
    fig, axes = plt.subplots(1, 2, figsize=(15, 6))
    fig.suptitle('Koordinat Data Original - Normal vs Outliers', fontsize=16, fontweight='bold')
    
    # Plot 1: Sepal Length vs Sepal Width
    normal_data = df[~outlier_mask]
    outlier_data = df[outlier_mask]
    
    # Normal data
    axes[0].scatter(normal_data[features[0]], normal_data[features[1]], 
                   c=normal_data['species'], cmap='viridis', alpha=0.7, s=50, label='Normal')
    
    # Outlier data
    if len(outlier_data) > 0:
        axes[0].scatter(outlier_data[features[0]], outlier_data[features[1]], 
                       color='red', s=100, marker='x', label=f'Outliers ({len(outlier_data)})')
    
    axes[0].set_xlabel('Sepal Length (cm)')
    axes[0].set_ylabel('Sepal Width (cm)')
    axes[0].set_title('Sepal Coordinates')
    axes[0].legend()
    axes[0].grid(True, alpha=0.3)
    
    # Plot 2: Petal Length vs Petal Width
    axes[1].scatter(normal_data[features[2]], normal_data[features[3]], 
                   c=normal_data['species'], cmap='viridis', alpha=0.7, s=50, label='Normal')
    
    if len(outlier_data) > 0:
        axes[1].scatter(outlier_data[features[2]], outlier_data[features[3]], 
                       color='red', s=100, marker='x', label=f'Outliers ({len(outlier_data)})')
    
    axes[1].set_xlabel('Petal Length (cm)')
    axes[1].set_ylabel('Petal Width (cm)')
    axes[1].set_title('Petal Coordinates')
    axes[1].legend()
    axes[1].grid(True, alpha=0.3)
    
    plt.tight_layout()
    plt.show()
    
    # STEP 2: Remove Outliers (Set as NaN)
    print(f"\nSTEP 2: Menghapus Outliers (Set sebagai NaN)")
    
    # Buat copy dataset dan set outliers sebagai NaN
    df_with_nan = df.copy()
    
    for feature in features:
        df_with_nan.loc[outlier_mask, feature] = np.nan
    
    # Cek jumlah missing values
    missing_count = df_with_nan[features].isnull().sum()
    print(f"\nMissing values setelah outlier removal:")
    for feature in features:
        missing = missing_count[feature]
        pct = (missing / len(df_with_nan)) * 100
        print(f"   â€¢ {feature}: {missing} missing ({pct:.1f}%)")
    
    # STEP 3: Koordinat Data dengan Missing Values
    print(f"\nSTEP 3: Koordinat Data dengan Missing Values")
    
    print(f"\nKoordinat Data Setelah Outlier Removal (NaN untuk outliers):")
    print(f"{'Index':<6} {'Sepal_L':<8} {'Sepal_W':<8} {'Petal_L':<8} {'Petal_W':<8} {'Status':<8}")
    print("-" * 55)
    
    # Show sample missing data coordinates
    missing_indices = df_with_nan[df_with_nan[features].isnull().any(axis=1)].index.tolist()
    for idx in missing_indices[:5]:  # Show first 5 missing
        row = df_with_nan.loc[idx]
        print(f"{idx:<6} {'NaN':<8} {'NaN':<8} {'NaN':<8} {'NaN':<8} {'Missing':<8}")
    
    # Visualisasi koordinat data yang tersisa
    fig, axes = plt.subplots(1, 2, figsize=(15, 6))
    fig.suptitle('Koordinat Data Setelah Outlier Removal', fontsize=16, fontweight='bold')
    
    # Data yang masih tersedia (non-NaN)
    available_mask = ~df_with_nan[features].isnull().any(axis=1)
    available_data = df_with_nan[available_mask]
    
    # Plot 1: Sepal coordinates
    axes[0].scatter(available_data[features[0]], available_data[features[1]], 
                   c=available_data['species'], cmap='viridis', alpha=0.7, s=50)
    axes[0].set_xlabel('Sepal Length (cm)')
    axes[0].set_ylabel('Sepal Width (cm)')
    axes[0].set_title(f'Sepal Coordinates\n({len(available_data)} available points)')
    axes[0].grid(True, alpha=0.3)
    
    # Plot 2: Petal coordinates
    axes[1].scatter(available_data[features[2]], available_data[features[3]], 
                   c=available_data['species'], cmap='viridis', alpha=0.7, s=50)
    axes[1].set_xlabel('Petal Length (cm)')
    axes[1].set_ylabel('Petal Width (cm)')
    axes[1].set_title(f'Petal Coordinates\n({len(available_data)} available points)')
    axes[1].grid(True, alpha=0.3)
    
    plt.tight_layout()
    plt.show()
    
    # STEP 4: Imputation Methods
    print(f"\nSTEP 4: Metode Imputation untuk Mengisi Missing Values")
    
    # Siapkan berbagai metode imputation
    imputation_methods = {}
    
    # Method 1: Mean Imputation
    df_mean_imputed = df_with_nan.copy()
    for feature in features:
        mean_value = df_mean_imputed[feature].mean()
        df_mean_imputed[feature].fillna(mean_value, inplace=True)
    imputation_methods['mean'] = df_mean_imputed
    
    # Method 2: Median Imputation
    df_median_imputed = df_with_nan.copy()
    for feature in features:
        median_value = df_median_imputed[feature].median()
        df_median_imputed[feature].fillna(median_value, inplace=True)
    imputation_methods['median'] = df_median_imputed
    
    # Method 3: Mode/Most Frequent per Species
    df_species_imputed = df_with_nan.copy()
    for feature in features:
        for species in [0, 1, 2]:
            species_mask = df_species_imputed['species'] == species
            species_data = df_species_imputed.loc[species_mask, feature]
            species_median = species_data.median()
            
            missing_mask = df_species_imputed[feature].isnull() & species_mask
            df_species_imputed.loc[missing_mask, feature] = species_median
    imputation_methods['species_median'] = df_species_imputed
    
    # Method 4: KNN Imputation (Simple version)
    from sklearn.impute import KNNImputer
    df_knn_imputed = df_with_nan.copy()
    
    # Hanya impute untuk features numerik
    knn_imputer = KNNImputer(n_neighbors=5)
    imputed_values = knn_imputer.fit_transform(df_knn_imputed[features])
    
    for i, feature in enumerate(features):
        df_knn_imputed[feature] = imputed_values[:, i]
    imputation_methods['knn'] = df_knn_imputed
    
    print(f"\nMetode Imputation yang digunakan:")
    print(f"   1. Mean Imputation: Menggunakan rata-rata kolom")
    print(f"   2. Median Imputation: Menggunakan median kolom")
    print(f"   3. Species Median: Menggunakan median per spesies")
    print(f"   4. KNN Imputation: Menggunakan 5 nearest neighbors")
    
    # STEP 5: Koordinat Perbandingan Metode Imputation
    print(f"\nSTEP 5: Koordinat Perbandingan Metode Imputation")
    
    # Show imputed coordinates untuk outlier indices
    print(f"\nKoordinat Imputed untuk Outlier Indices:")
    print(f"{'Method':<15} {'Index':<6} {'Sepal_L':<8} {'Sepal_W':<8} {'Petal_L':<8} {'Petal_W':<8}")
    print("-" * 70)
    
    # Show coordinates for first few outlier indices across methods
    sample_outlier_idx = outlier_indices[0] if outlier_indices else 0
    
    for method_name, df_imputed in list(imputation_methods.items())[:4]:
        method_display = {
            'mean': 'Mean',
            'median': 'Median', 
            'species_median': 'Species Med',
            'knn': 'KNN'
        }.get(method_name, method_name)
        
        row = df_imputed.loc[sample_outlier_idx]
        print(f"{method_display:<15} {sample_outlier_idx:<6} {row[features[0]]:<8.2f} {row[features[1]]:<8.2f} {row[features[2]]:<8.2f} {row[features[3]]:<8.2f}")
    
    # Visualisasi perbandingan koordinat
    fig, axes = plt.subplots(2, 2, figsize=(15, 12))
    fig.suptitle('Koordinat Perbandingan Metode Imputation', fontsize=16, fontweight='bold')
    
    colors = ['skyblue', 'lightcoral', 'lightpink', 'lightyellow']
    method_names = ['Mean', 'Median', 'Species Median', 'KNN']
    
    for i, (method, df_imputed) in enumerate(list(imputation_methods.items())[:4]):
        row = i // 2
        col = i % 2
        
        # Normal data (tidak berubah)
        normal_mask = ~df[features].index.isin(outlier_indices)
        normal_data = df_imputed[normal_mask]
        
        # Imputed data (yang tadinya outliers)
        imputed_data = df_imputed[df_imputed.index.isin(outlier_indices)]
        
        # Plot normal data
        axes[row, col].scatter(normal_data[features[0]], normal_data[features[1]], 
                             c=normal_data['species'], cmap='viridis', alpha=0.6, s=30, label='Normal')
        
        # Plot imputed outliers
        if len(imputed_data) > 0:
            axes[row, col].scatter(imputed_data[features[0]], imputed_data[features[1]], 
                                 color='red', s=80, marker='s', alpha=0.8, 
                                 label=f'Imputed ({len(imputed_data)})')
        
        axes[row, col].set_xlabel('Sepal Length (cm)')
        axes[row, col].set_ylabel('Sepal Width (cm)')
        axes[row, col].set_title(f'{method_names[i]} Imputation')
        axes[row, col].legend()
        axes[row, col].grid(True, alpha=0.3)
    
    plt.tight_layout()
    plt.show()
    
    # STEP 6: Evaluasi dan Pemilihan Metode Terbaik
    print(f"\nSTEP 6: Evaluasi Metode Imputation")
    
    # Bandingkan statistik deskriptif
    print(f"\nPerbandingan Statistik Deskriptif ({focus_feature}):")
    print(f"{'Method':<15} {'Mean':<8} {'Std':<8} {'Min':<8} {'Max':<8}")
    print("-" * 55)
    
    # Original data
    orig_stats = df[focus_feature].describe()
    print(f"{'Original':<15} {orig_stats['mean']:<7.2f} {orig_stats['std']:<7.2f} {orig_stats['min']:<7.2f} {orig_stats['max']:<7.2f}")
    
    # Imputed data
    for method, df_imputed in imputation_methods.items():
        stats = df_imputed[focus_feature].describe()
        method_name = {
            'mean': 'Mean',
            'median': 'Median',
            'species_median': 'Species Med',
            'knn': 'KNN'
        }.get(method, method)
        
        print(f"{method_name:<15} {stats['mean']:<7.2f} {stats['std']:<7.2f} {stats['min']:<7.2f} {stats['max']:<7.2f}")
    
    # Pilih metode terbaik (species median untuk Iris dataset)
    recommended_method = 'species_median'
    df_processed = imputation_methods[recommended_method].copy()
    
    print(f"\nMETODE YANG DIPILIH: {recommended_method.upper()}")
    print(f"Alasan: Mempertahankan karakteristik biologis per spesies")
    
    # STEP 7: Koordinat Final Before vs After Preprocessing
    print(f"\nSTEP 7: Koordinat Final Before vs After Preprocessing")
    
    # Tampilkan koordinat final comparison
    print(f"\nPerbandingan Koordinat Before vs After:")
    print(f"{'Status':<12} {'Index':<6} {'Sepal_L':<8} {'Sepal_W':<8} {'Petal_L':<8} {'Petal_W':<8}")
    print("-" * 65)
    
    # Show original outliers coordinates
    for idx in outlier_indices[:3]:  # Show first 3
        row_before = df.loc[idx]
        row_after = df_processed.loc[idx]
        
        print(f"{'BEFORE':<12} {idx:<6} {row_before[features[0]]:<8.2f} {row_before[features[1]]:<8.2f} {row_before[features[2]]:<8.2f} {row_before[features[3]]:<8.2f}")
        print(f"{'AFTER':<12} {idx:<6} {row_after[features[0]]:<8.2f} {row_after[features[1]]:<8.2f} {row_after[features[2]]:<8.2f} {row_after[features[3]]:<8.2f}")
        print()
    
    # Visualisasi koordinat before vs after
    fig, axes = plt.subplots(1, 2, figsize=(15, 6))
    fig.suptitle('Koordinat Before vs After Outlier Removal & Imputation', fontsize=16, fontweight='bold')
    
    # Plot 1: Before (original dengan outliers)
    normal_original = df[~outlier_mask]
    outliers_original = df[outlier_mask]
    
    axes[0].scatter(normal_original[features[0]], normal_original[features[1]], 
                   c=normal_original['species'], cmap='viridis', alpha=0.7, s=50, label='Normal')
    if len(outliers_original) > 0:
        axes[0].scatter(outliers_original[features[0]], outliers_original[features[1]], 
                       color='red', s=100, marker='x', alpha=0.8, label=f'Outliers ({len(outliers_original)})')
    
    axes[0].set_xlabel('Sepal Length (cm)')
    axes[0].set_ylabel('Sepal Width (cm)')
    axes[0].set_title('BEFORE: Original Data with Outliers')
    axes[0].legend()
    axes[0].grid(True, alpha=0.3)
    
    # Plot 2: After (imputed)
    normal_processed = df_processed[~df_processed.index.isin(outlier_indices)]
    imputed_processed = df_processed[df_processed.index.isin(outlier_indices)]
    
    axes[1].scatter(normal_processed[features[0]], normal_processed[features[1]], 
                   c=normal_processed['species'], cmap='viridis', alpha=0.7, s=50, label='Normal')
    if len(imputed_processed) > 0:
        axes[1].scatter(imputed_processed[features[0]], imputed_processed[features[1]], 
                       color='green', s=100, marker='s', alpha=0.8, label=f'Imputed ({len(imputed_processed)})')
    
    axes[1].set_xlabel('Sepal Length (cm)')
    axes[1].set_ylabel('Sepal Width (cm)')
    axes[1].set_title('AFTER: Data with Imputed Values')
    axes[1].legend()
    axes[1].grid(True, alpha=0.3)
    
    plt.tight_layout()
    plt.show()
    
    # Show coordinate changes summary
    print(f"\nSummary Koordinat Changes:")
    print(f"   â€¢ Original outliers: {len(outlier_indices)} points")
    print(f"   â€¢ Converted to missing values, then imputed")
    print(f"   â€¢ Imputation method: {recommended_method}")
    print(f"   â€¢ All 150 coordinate points preserved")
    
    print(f"\nPREPROCESSING OUTLIER SELESAI!")
    print(f"   â€¢ Outliers removed: {outlier_count} data points")
    print(f"   â€¢ Imputation method: Species-based median")
    print(f"   â€¢ Dataset integrity: Maintained (150 samples)")
    print(f"   â€¢ Ready for next preprocessing steps")
    
else:
    print("Tidak dapat melakukan outlier removal karena data atau hasil outlier tidak tersedia")
    df_processed = df.copy() if df is not None else None
------------------

----- stdout -----
=== OUTLIER REMOVAL DAN IMPUTATION PROCESS ===

Outliers teridentifikasi (Strong Consensus):
   â€¢ Jumlah: 0 dari 150 data (0.0%)
   â€¢ Indices: []

STEP 1: Visualisasi Koordinat Data Original

Koordinat Outliers (Strong Consensus):
Index  Sepal_L  Sepal_W  Petal_L  Petal_W  Species 
-------------------------------------------------------
----- stdout -----

STEP 2: Menghapus Outliers (Set sebagai NaN)

Missing values setelah outlier removal:
   â€¢ sepal length (cm): 0 missing (0.0%)
   â€¢ sepal width (cm): 0 missing (0.0%)
   â€¢ petal length (cm): 0 missing (0.0%)
   â€¢ petal width (cm): 0 missing (0.0%)

STEP 3: Koordinat Data dengan Missing Values

Koordinat Data Setelah Outlier Removal (NaN untuk outliers):
Index  Sepal_L  Sepal_W  Petal_L  Petal_W  Status  
-------------------------------------------------------
----- stdout -----

STEP 4: Metode Imputation untuk Mengisi Missing Values

Metode Imputation yang digunakan:
   1. Mean Imputation: Menggunakan rata-rata kolom
   2. Median Imputation: Menggunakan median kolom
   3. Species Median: Menggunakan median per spesies
   4. KNN Imputation: Menggunakan 5 nearest neighbors

STEP 5: Koordinat Perbandingan Metode Imputation

Koordinat Imputed untuk Outlier Indices:
Method          Index  Sepal_L  Sepal_W  Petal_L  Petal_W 
----------------------------------------------------------------------
Mean            0      5.10     3.50     1.40     0.20    
Median          0      5.10     3.50     1.40     0.20    
Species Med     0      5.10     3.50     1.40     0.20    
KNN             0      5.10     3.50     1.40     0.20
----- stdout -----

STEP 6: Evaluasi Metode Imputation
------------------

[1;31m---------------------------------------------------------------------------[0m
[1;31mNameError[0m                                 Traceback (most recent call last)
Cell [1;32mIn[5], line 239[0m
[0;32m    236[0m [38;5;28mprint[39m([38;5;124mf[39m[38;5;124m"[39m[38;5;130;01m\n[39;00m[38;5;124mSTEP 6: Evaluasi Metode Imputation[39m[38;5;124m"[39m)
[0;32m    238[0m [38;5;66;03m# Bandingkan statistik deskriptif[39;00m
[1;32m--> 239[0m [38;5;28mprint[39m([38;5;124mf[39m[38;5;124m"[39m[38;5;130;01m\n[39;00m[38;5;124mPerbandingan Statistik Deskriptif ([39m[38;5;132;01m{[39;00m[43mfocus_feature[49m[38;5;132;01m}[39;00m[38;5;124m):[39m[38;5;124m"[39m)
[0;32m    240[0m [38;5;28mprint[39m([38;5;124mf[39m[38;5;124m"[39m[38;5;132;01m{[39;00m[38;5;124m'[39m[38;5;124mMethod[39m[38;5;124m'[39m[38;5;132;01m:[39;00m[38;5;124m<15[39m[38;5;132;01m}[39;00m[38;5;124m [39m[38;5;132;01m{[39;00m[38;5;124m'[39m[38;5;124mMean[39m[38;5;124m'[39m[38;5;132;01m:[39;00m[38;5;124m<8[39m[38;5;132;01m}[39;00m[38;5;124m [39m[38;5;132;01m{[39;00m[38;5;124m'[39m[38;5;124mStd[39m[38;5;124m'[39m[38;5;132;01m:[39;00m[38;5;124m<8[39m[38;5;132;01m}[39;00m[38;5;124m [39m[38;5;132;01m{[39;00m[38;5;124m'[39m[38;5;124mMin[39m[38;5;124m'[39m[38;5;132;01m:[39;00m[38;5;124m<8[39m[38;5;132;01m}[39;00m[38;5;124m [39m[38;5;132;01m{[39;00m[38;5;124m'[39m[38;5;124mMax[39m[38;5;124m'[39m[38;5;132;01m:[39;00m[38;5;124m<8[39m[38;5;132;01m}[39;00m[38;5;124m"[39m)
[0;32m    241[0m [38;5;28mprint[39m([38;5;124m"[39m[38;5;124m-[39m[38;5;124m"[39m [38;5;241m*[39m [38;5;241m55[39m)

[1;31mNameError[0m: name 'focus_feature' is not defined

